# JRE version: OpenJDK Runtime Environment (8.0_152-b01) (build 1.8.0_152-release-915-b01)
# Java VM: OpenJDK 64-Bit Server VM (25.152-b01 mixed mode windows-amd64 compressed oops)
Heap:
 PSYoungGen      total 220160K, used 213742K [0x00000000e0000000, 0x00000000f2a80000, 0x0000000100000000)
  eden space 188928K, 96% used [0x00000000e0000000,0x00000000eb2b1128,0x00000000eb880000)
  from space 31232K, 98% used [0x00000000ebe00000,0x00000000edc0a740,0x00000000edc80000)
  to   space 58368K, 0% used [0x00000000ef180000,0x00000000ef180000,0x00000000f2a80000)
 ParOldGen       total 148992K, used 31675K [0x00000000a0000000, 0x00000000a9180000, 0x00000000e0000000)
  object space 148992K, 21% used [0x00000000a0000000,0x00000000a1eeee18,0x00000000a9180000)
 Metaspace       used 84467K, capacity 91872K, committed 92120K, reserved 1128448K
  class space    used 11013K, capacity 12773K, committed 12800K, reserved 1048576K
GC Heap History (10 events):
Event: 8607.133 GC heap before
{Heap before GC invocations=32 (full 3):
 PSYoungGen      total 246272K, used 227743K [0x00000000e0000000, 0x00000000f2880000, 0x0000000100000000)
  eden space 194048K, 100% used [0x00000000e0000000,0x00000000ebd80000,0x00000000ebd80000)
  from space 52224K, 64% used [0x00000000ef180000,0x00000000f1267cb8,0x00000000f2480000)
  to   space 53248K, 0% used [0x00000000ebd80000,0x00000000ebd80000,0x00000000ef180000)
 ParOldGen       total 148992K, used 27655K [0x00000000a0000000, 0x00000000a9180000, 0x00000000e0000000)
  object space 148992K, 18% used [0x00000000a0000000,0x00000000a1b01e08,0x00000000a9180000)
 Metaspace       used 79823K, capacity 85738K, committed 85848K, reserved 1124352K
  class space    used 10379K, capacity 11810K, committed 11904K, reserved 1048576K
Event: 8607.211 GC heap after
Heap after GC invocations=32 (full 3):
 PSYoungGen      total 247296K, used 32779K [0x00000000e0000000, 0x00000000f3200000, 0x0000000100000000)
  eden space 194048K, 0% used [0x00000000e0000000,0x00000000e0000000,0x00000000ebd80000)
  from space 53248K, 61% used [0x00000000ebd80000,0x00000000edd82c68,0x00000000ef180000)
  to   space 53760K, 0% used [0x00000000efd80000,0x00000000efd80000,0x00000000f3200000)
 ParOldGen       total 148992K, used 27663K [0x00000000a0000000, 0x00000000a9180000, 0x00000000e0000000)
  object space 148992K, 18% used [0x00000000a0000000,0x00000000a1b03e08,0x00000000a9180000)
 Metaspace       used 79823K, capacity 85738K, committed 85848K, reserved 1124352K
  class space    used 10379K, capacity 11810K, committed 11904K, reserved 1048576K
}
Event: 8661.183 GC heap before
{Heap before GC invocations=33 (full 3):
 PSYoungGen      total 247296K, used 226827K [0x00000000e0000000, 0x00000000f3200000, 0x0000000100000000)
  eden space 194048K, 100% used [0x00000000e0000000,0x00000000ebd80000,0x00000000ebd80000)
  from space 53248K, 61% used [0x00000000ebd80000,0x00000000edd82c68,0x00000000ef180000)
  to   space 53760K, 0% used [0x00000000efd80000,0x00000000efd80000,0x00000000f3200000)
 ParOldGen       total 148992K, used 27663K [0x00000000a0000000, 0x00000000a9180000, 0x00000000e0000000)
  object space 148992K, 18% used [0x00000000a0000000,0x00000000a1b03e08,0x00000000a9180000)
 Metaspace       used 80920K, capacity 87034K, committed 87256K, reserved 1124352K
  class space    used 10486K, capacity 11950K, committed 12032K, reserved 1048576K
Event: 8661.254 GC heap after
Heap after GC invocations=33 (full 3):
 PSYoungGen      total 254976K, used 45746K [0x00000000e0000000, 0x00000000f3980000, 0x0000000100000000)
  eden space 201216K, 0% used [0x00000000e0000000,0x00000000e0000000,0x00000000ec480000)
  from space 53760K, 85% used [0x00000000efd80000,0x00000000f2a2cbe0,0x00000000f3200000)
  to   space 58368K, 0% used [0x00000000ec480000,0x00000000ec480000,0x00000000efd80000)
 ParOldGen       total 148992K, used 27671K [0x00000000a0000000, 0x00000000a9180000, 0x00000000e0000000)
  object space 148992K, 18% used [0x00000000a0000000,0x00000000a1b05e08,0x00000000a9180000)
 Metaspace       used 80920K, capacity 87034K, committed 87256K, reserved 1124352K
  class space    used 10486K, capacity 11950K, committed 12032K, reserved 1048576K
}
Event: 13582.356 GC heap before
{Heap before GC invocations=34 (full 3):
 PSYoungGen      total 254976K, used 246962K [0x00000000e0000000, 0x00000000f3980000, 0x0000000100000000)
  eden space 201216K, 100% used [0x00000000e0000000,0x00000000ec480000,0x00000000ec480000)
  from space 53760K, 85% used [0x00000000efd80000,0x00000000f2a2cbe0,0x00000000f3200000)
  to   space 58368K, 0% used [0x00000000ec480000,0x00000000ec480000,0x00000000efd80000)
 ParOldGen       total 148992K, used 27671K [0x00000000a0000000, 0x00000000a9180000, 0x00000000e0000000)
  object space 148992K, 18% used [0x00000000a0000000,0x00000000a1b05e08,0x00000000a9180000)
 Metaspace       used 81371K, capacity 87650K, committed 87896K, reserved 1124352K
  class space    used 10549K, capacity 12067K, committed 12160K, reserved 1048576K
Event: 13582.679 GC heap after
Heap after GC invocations=34 (full 3):
 PSYoungGen      total 236032K, used 40735K [0x00000000e0000000, 0x00000000f3480000, 0x0000000100000000)
  eden space 195072K, 0% used [0x00000000e0000000,0x00000000e0000000,0x00000000ebe80000)
  from space 40960K, 99% used [0x00000000ec480000,0x00000000eec47cd8,0x00000000eec80000)
  to   space 60416K, 0% used [0x00000000ef980000,0x00000000ef980000,0x00000000f3480000)
 ParOldGen       total 148992K, used 27679K [0x00000000a0000000, 0x00000000a9180000, 0x00000000e0000000)
  object space 148992K, 18% used [0x00000000a0000000,0x00000000a1b07e08,0x00000000a9180000)
 Metaspace       used 81371K, capacity 87650K, committed 87896K, reserved 1124352K
  class space    used 10549K, capacity 12067K, committed 12160K, reserved 1048576K
}
Event: 13589.742 GC heap before
{Heap before GC invocations=35 (full 3):
 PSYoungGen      total 236032K, used 235807K [0x00000000e0000000, 0x00000000f3480000, 0x0000000100000000)
  eden space 195072K, 100% used [0x00000000e0000000,0x00000000ebe80000,0x00000000ebe80000)
  from space 40960K, 99% used [0x00000000ec480000,0x00000000eec47cd8,0x00000000eec80000)
  to   space 60416K, 0% used [0x00000000ef980000,0x00000000ef980000,0x00000000f3480000)
 ParOldGen       total 148992K, used 27679K [0x00000000a0000000, 0x00000000a9180000, 0x00000000e0000000)
  object space 148992K, 18% used [0x00000000a0000000,0x00000000a1b07e08,0x00000000a9180000)
 Metaspace       used 81734K, capacity 88114K, committed 88408K, reserved 1126400K
  class space    used 10563K, capacity 12077K, committed 12160K, reserved 1048576K
Event: 13589.842 GC heap after
Heap after GC invocations=35 (full 3):
 PSYoungGen      total 254976K, used 38242K [0x00000000e0000000, 0x00000000f4780000, 0x0000000100000000)
  eden space 194560K, 0% used [0x00000000e0000000,0x00000000e0000000,0x00000000ebe00000)
  from space 60416K, 63% used [0x00000000ef980000,0x00000000f1ed89f0,0x00000000f3480000)
  to   space 60928K, 0% used [0x00000000ebe00000,0x00000000ebe00000,0x00000000ef980000)
 ParOldGen       total 148992K, used 30875K [0x00000000a0000000, 0x00000000a9180000, 0x00000000e0000000)
  object space 148992K, 20% used [0x00000000a0000000,0x00000000a1e26e18,0x00000000a9180000)
 Metaspace       used 81734K, capacity 88114K, committed 88408K, reserved 1126400K
  class space    used 10563K, capacity 12077K, committed 12160K, reserved 1048576K
}
Event: 14099.433 GC heap before
{Heap before GC invocations=36 (full 3):
 PSYoungGen      total 254976K, used 232802K [0x00000000e0000000, 0x00000000f4780000, 0x0000000100000000)
  eden space 194560K, 100% used [0x00000000e0000000,0x00000000ebe00000,0x00000000ebe00000)
  from space 60416K, 63% used [0x00000000ef980000,0x00000000f1ed89f0,0x00000000f3480000)
  to   space 60928K, 0% used [0x00000000ebe00000,0x00000000ebe00000,0x00000000ef980000)
 ParOldGen       total 148992K, used 30875K [0x00000000a0000000, 0x00000000a9180000, 0x00000000e0000000)
  object space 148992K, 20% used [0x00000000a0000000,0x00000000a1e26e18,0x00000000a9180000)
 Metaspace       used 82730K, capacity 89528K, committed 89688K, reserved 1126400K
  class space    used 10705K, capacity 12369K, committed 12416K, reserved 1048576K
Event: 14099.477 GC heap after
Heap after GC invocations=36 (full 3):
 PSYoungGen      total 220160K, used 30761K [0x00000000e0000000, 0x00000000f2a80000, 0x0000000100000000)
  eden space 188928K, 0% used [0x00000000e0000000,0x00000000e0000000,0x00000000eb880000)
  from space 31232K, 98% used [0x00000000ebe00000,0x00000000edc0a740,0x00000000edc80000)
  to   space 58368K, 0% used [0x00000000ef180000,0x00000000ef180000,0x00000000f2a80000)
 ParOldGen       total 148992K, used 31675K [0x00000000a0000000, 0x00000000a9180000, 0x00000000e0000000)
  object space 148992K, 21% used [0x00000000a0000000,0x00000000a1eeee18,0x00000000a9180000)
 Metaspace       used 82730K, capacity 89528K, committed 89688K, reserved 1126400K
  class space    used 10705K, capacity 12369K, committed 12416K, reserved 1048576K
}

